Build started 02/02/2017 15:06:44.
     1>Project "P:\cs25\VisualStudioGit\PoGo\PoGo\PoGo.vcxproj" on node 2 (Build target(s)).
     1>ClCompile:
         C:\Program Files (x86)\Microsoft Visual Studio 12.0\VC\bin\CL.exe /c /ZI /nologo /W3 /WX- /Od /Oy- /D WIN32 /D _DEBUG /D _CONSOLE /D _LIB /D _UNICODE /D UNICODE /Gm /EHsc /RTC1 /MDd /GS /fp:precise /Zc:wchar_t /Zc:forScope /Fo"Debug\\" /Fd"Debug\vc120.pdb" /Gd /TP /analyze- /errorReport:prompt src\main.cpp
         main.cpp
       Link:
         C:\Program Files (x86)\Microsoft Visual Studio 12.0\VC\bin\link.exe /ERRORREPORT:PROMPT /OUT:"P:\cs25\VisualStudioGit\PoGo\PoGo\Debug\PoGo.exe" /INCREMENTAL /NOLOGO kernel32.lib user32.lib gdi32.lib winspool.lib comdlg32.lib advapi32.lib shell32.lib ole32.lib oleaut32.lib uuid.lib odbc32.lib odbccp32.lib /MANIFEST /MANIFESTUAC:"level='asInvoker' uiAccess='false'" /manifest:embed /DEBUG /PDB:"P:\cs25\VisualStudioGit\PoGo\PoGo\Debug\PoGo.pdb" /SUBSYSTEM:CONSOLE /TLBID:1 /DYNAMICBASE /NXCOMPAT /IMPLIB:"P:\cs25\VisualStudioGit\PoGo\PoGo\Debug\PoGo.lib" /MACHINE:X86 Debug\CoordinateWrapper.obj
         Debug\EnumStringMapper.obj
         Debug\FastaEntry.obj
         Debug\FastaParser.obj
         Debug\GeneEntry.obj
         Debug\Globals.obj
         Debug\GTFParser.obj
         Debug\KmerMap.obj
         Debug\main.obj
         Debug\MapEntry.obj
         Debug\MappedPeptides.obj
         Debug\PeptideCoordinates.obj
         Debug\PeptideEntry.obj
         Debug\PeptideMapperUtils.obj
         Debug\PossibleKeyGenerator.obj
         Debug\ProteinEntry.obj
         Debug\PTMEntry.obj
         Debug\ResultParser.obj
         Debug\Utils.obj
         PoGo.vcxproj -> P:\cs25\VisualStudioGit\PoGo\PoGo\Debug\PoGo.exe
     1>Done Building Project "P:\cs25\VisualStudioGit\PoGo\PoGo\PoGo.vcxproj" (Build target(s)).

Build succeeded.

Time Elapsed 00:00:12.19
